<?xml version="1.0" encoding="UTF-8"?>
<!-- Generated by org.testng.reporters.JUnitXMLReporter -->
<testsuite ignored="0" hostname="DESKTOP-P7A0Q47" failures="0" tests="9" name="Test" time="0.34" errors="0" timestamp="2024-05-24T10:04:49 IST">
  <testcase classname="firstscript.Register" name="forgot_Password" time="0.075"/>
  <testcase classname="firstscript.Register" name="login" time="0.004"/>
  <testcase classname="firstscript.Register" name="registration" time="0.003"/>
  <testcase classname="thirdscript.Order" name="doPayment" time="0.003"/>
  <testcase classname="thirdscript.Order" name="downloadInvoice" time="0.003"/>
  <testcase classname="thirdscript.Order" name="fillAllInformation" time="0.008"/>
  <testcase classname="secondscript.login" name="clickOnProduct" time="0.007"/>
  <testcase classname="secondscript.login" name="clickOnSearchbar" time="0.002"/>
  <testcase classname="secondscript.login" name="selectProduct" time="0.004"/>
</testsuite> <!-- Test -->
