<?xml version="1.0" encoding="UTF-8"?>
<testng-results ignored="0" total="9" passed="9" failed="0" skipped="0">
  <reporter-output>
  </reporter-output>
  <suite started-at="2024-05-24T10:04:49 IST" name="Suite" finished-at="2024-05-24T10:04:49 IST" duration-ms="340">
    <groups>
    </groups>
    <test started-at="2024-05-24T10:04:49 IST" name="Test" finished-at="2024-05-24T10:04:49 IST" duration-ms="340">
      <class name="thirdscript.Order">
        <test-method signature="doPayment()[pri:0, instance:thirdscript.Order@75d3a5e0]" started-at="2024-05-24T10:04:49 IST" name="doPayment" finished-at="2024-05-24T10:04:49 IST" duration-ms="3" status="PASS">
          <reporter-output>
          </reporter-output>
        </test-method> <!-- doPayment -->
        <test-method signature="downloadInvoice()[pri:0, instance:thirdscript.Order@75d3a5e0]" started-at="2024-05-24T10:04:49 IST" name="downloadInvoice" finished-at="2024-05-24T10:04:49 IST" duration-ms="3" status="PASS">
          <reporter-output>
          </reporter-output>
        </test-method> <!-- downloadInvoice -->
        <test-method signature="fillAllInformation()[pri:0, instance:thirdscript.Order@75d3a5e0]" started-at="2024-05-24T10:04:49 IST" name="fillAllInformation" finished-at="2024-05-24T10:04:49 IST" duration-ms="8" status="PASS">
          <reporter-output>
          </reporter-output>
        </test-method> <!-- fillAllInformation -->
      </class> <!-- thirdscript.Order -->
      <class name="firstscript.Register">
        <test-method signature="forgot_Password()[pri:0, instance:firstscript.Register@7ef82753]" started-at="2024-05-24T10:04:49 IST" name="forgot_Password" finished-at="2024-05-24T10:04:49 IST" duration-ms="75" status="PASS">
          <reporter-output>
          </reporter-output>
        </test-method> <!-- forgot_Password -->
        <test-method signature="login()[pri:0, instance:firstscript.Register@7ef82753]" started-at="2024-05-24T10:04:49 IST" name="login" finished-at="2024-05-24T10:04:49 IST" duration-ms="4" status="PASS">
          <reporter-output>
          </reporter-output>
        </test-method> <!-- login -->
        <test-method signature="registration()[pri:0, instance:firstscript.Register@7ef82753]" started-at="2024-05-24T10:04:49 IST" name="registration" finished-at="2024-05-24T10:04:49 IST" duration-ms="3" status="PASS">
          <reporter-output>
          </reporter-output>
        </test-method> <!-- registration -->
      </class> <!-- firstscript.Register -->
      <class name="secondscript.login">
        <test-method signature="clickOnProduct()[pri:0, instance:secondscript.login@74d1dc36]" started-at="2024-05-24T10:04:49 IST" name="clickOnProduct" finished-at="2024-05-24T10:04:49 IST" duration-ms="7" status="PASS">
          <reporter-output>
          </reporter-output>
        </test-method> <!-- clickOnProduct -->
        <test-method signature="clickOnSearchbar()[pri:0, instance:secondscript.login@74d1dc36]" started-at="2024-05-24T10:04:49 IST" name="clickOnSearchbar" finished-at="2024-05-24T10:04:49 IST" duration-ms="2" status="PASS">
          <reporter-output>
          </reporter-output>
        </test-method> <!-- clickOnSearchbar -->
        <test-method signature="selectProduct()[pri:0, instance:secondscript.login@74d1dc36]" started-at="2024-05-24T10:04:49 IST" name="selectProduct" finished-at="2024-05-24T10:04:49 IST" duration-ms="4" status="PASS">
          <reporter-output>
          </reporter-output>
        </test-method> <!-- selectProduct -->
      </class> <!-- secondscript.login -->
    </test> <!-- Test -->
  </suite> <!-- Suite -->
</testng-results>
